Base path: 'C:/Program Files/Unity/Hub/Editor/2019.4.10f1/Editor/Data', plugins path 'C:/Program Files/Unity/Hub/Editor/2019.4.10f1/Editor/Data/PlaybackEngines'
Cmd: initializeCompiler
Cmd: preprocessCompute
  insize=6858 outsize=6860 ok=1
Cmd: preprocessCompute
  insize=5790 outsize=5792 ok=1
Cmd: preprocess
  insize=39618 outsize=612 ok=1
Cmd: preprocessCompute
  insize=6875 outsize=6877 ok=1
Cmd: preprocessCompute
  insize=5790 outsize=5792 ok=1
Cmd: preprocess
  insize=39618 outsize=612 ok=1
Cmd: preprocessCompute
  insize=6875 outsize=6877 ok=1
Cmd: preprocessCompute
  insize=5790 outsize=5792 ok=1
Cmd: preprocess
  insize=39618 outsize=612 ok=1
Cmd: preprocessCompute
  insize=6875 outsize=6877 ok=1
Cmd: preprocessCompute
  insize=5790 outsize=5792 ok=1
Cmd: preprocess
  insize=39618 outsize=612 ok=1
Cmd: preprocessCompute
  insize=6875 outsize=6877 ok=1
Cmd: preprocessCompute
  insize=5790 outsize=5792 ok=1
Cmd: preprocess
  insize=39618 outsize=612 ok=1
Cmd: preprocessCompute
  insize=6875 outsize=6877 ok=1
Cmd: preprocessCompute
  insize=5790 outsize=5792 ok=1
Cmd: preprocess
  insize=39618 outsize=612 ok=1
Cmd: preprocessCompute
  insize=6875 outsize=6877 ok=1
Cmd: preprocessCompute
  insize=5790 outsize=5792 ok=1
Cmd: preprocess
  insize=39618 outsize=612 ok=1
Cmd: preprocessCompute
  insize=6875 outsize=6877 ok=1
Cmd: preprocessCompute
  insize=5790 outsize=5792 ok=1
Cmd: preprocess
  insize=39618 outsize=612 ok=1
Cmd: preprocessCompute
  insize=6875 outsize=6877 ok=1
Cmd: preprocessCompute
  insize=5790 outsize=5792 ok=1
Cmd: preprocess
  insize=39618 outsize=612 ok=1
Cmd: preprocessCompute
  insize=6875 outsize=6877 ok=1
Cmd: preprocessCompute
  insize=5790 outsize=5792 ok=1
Cmd: preprocess
  insize=39618 outsize=612 ok=1
Cmd: preprocessCompute
  insize=6875 outsize=6877 ok=1
Cmd: preprocessCompute
  insize=5790 outsize=5792 ok=1
Cmd: preprocess
  insize=39618 outsize=612 ok=1
Cmd: preprocessCompute
  insize=6875 outsize=6877 ok=1
Cmd: preprocessCompute
  insize=5790 outsize=5792 ok=1
Cmd: preprocess
  insize=39618 outsize=612 ok=1
Cmd: preprocessCompute
  insize=6875 outsize=6877 ok=1
Cmd: preprocessCompute
  insize=5790 outsize=5792 ok=1
Cmd: preprocess
  insize=39618 outsize=612 ok=1
Cmd: preprocessCompute
  insize=6875 outsize=6877 ok=1
Cmd: preprocessCompute
  insize=5790 outsize=5792 ok=1
Cmd: preprocess
  insize=39618 outsize=612 ok=1
Cmd: preprocessCompute
  insize=6875 outsize=6877 ok=1
Cmd: preprocessCompute
  insize=5790 outsize=5792 ok=1
Cmd: preprocess
  insize=39618 outsize=612 ok=1
Cmd: preprocessCompute
  insize=6875 outsize=6877 ok=1
Cmd: preprocessCompute
  insize=5790 outsize=5792 ok=1
Cmd: preprocess
  insize=39618 outsize=612 ok=1
Cmd: preprocessCompute
  insize=6875 outsize=6877 ok=1
Cmd: preprocessCompute
  insize=5790 outsize=5792 ok=1
Cmd: preprocess
  insize=39618 outsize=612 ok=1
Cmd: preprocessCompute
  insize=6875 outsize=6877 ok=1
Cmd: preprocessCompute
  insize=5790 outsize=5792 ok=1
Cmd: preprocess
  insize=39618 outsize=612 ok=1
Cmd: preprocessCompute
  insize=6875 outsize=6877 ok=1
Cmd: preprocessCompute
  insize=5790 outsize=5792 ok=1
Cmd: preprocess
  insize=39618 outsize=612 ok=1
Cmd: preprocessCompute
  insize=6875 outsize=6877 ok=1
Cmd: preprocessCompute
  insize=5790 outsize=5792 ok=1
Cmd: preprocess
  insize=39618 outsize=612 ok=1
Cmd: preprocessCompute
  insize=6875 outsize=6877 ok=1
Cmd: preprocessCompute
  insize=5790 outsize=5792 ok=1
Cmd: preprocess
  insize=39618 outsize=612 ok=1
Cmd: preprocessCompute
  insize=6875 outsize=6877 ok=1
Cmd: preprocessCompute
  insize=5790 outsize=5792 ok=1
Cmd: preprocess
  insize=39618 outsize=612 ok=1
Cmd: preprocessCompute
  insize=6875 outsize=6877 ok=1
Cmd: preprocessCompute
  insize=5790 outsize=5792 ok=1
Cmd: preprocess
  insize=39618 outsize=612 ok=1
Cmd: preprocessCompute
  insize=7073 outsize=7075 ok=1
Cmd: compileComputeKernel
  api=4 insize=7075 outsize=2533 ok=1
Cmd: preprocessCompute
  insize=6931 outsize=6933 ok=1
Cmd: compileComputeKernel
  api=4 insize=6933 outsize=1572 ok=1
Cmd: preprocess
  insize=39618 outsize=611 ok=1
Cmd: preprocessCompute
  insize=7073 outsize=7075 ok=1
Cmd: preprocessCompute
  insize=6984 outsize=6986 ok=1
Cmd: compileComputeKernel
  api=4 insize=6986 outsize=1572 ok=1
Cmd: preprocess
  insize=39618 outsize=611 ok=1
Cmd: preprocessCompute
  insize=7073 outsize=7075 ok=1
Cmd: preprocessCompute
  insize=7332 outsize=7334 ok=1
Cmd: compileComputeKernel
  api=4 insize=7334 outsize=1994 ok=1
Cmd: preprocess
  insize=39618 outsize=611 ok=1
Cmd: preprocessCompute
  insize=4204 outsize=4206 ok=1
Cmd: compileComputeKernel
  api=4 insize=4206 outsize=223 ok=1
Cmd: preprocessCompute
  insize=3485 outsize=3487 ok=1
Cmd: compileComputeKernel
  api=4 insize=3487 outsize=659 ok=1
Cmd: preprocess
  insize=34918 outsize=624 ok=1
Cmd: preprocessCompute
  insize=1896 outsize=1898 ok=1
Cmd: compileComputeKernel
  api=4 insize=1898 outsize=1006 ok=1
Cmd: preprocessCompute
  insize=7073 outsize=7075 ok=1
Cmd: preprocessCompute
  insize=7332 outsize=7334 ok=1
Cmd: preprocess
  insize=39618 outsize=611 ok=1
Cmd: preprocessCompute
  insize=4204 outsize=4206 ok=1
Cmd: preprocessCompute
  insize=3485 outsize=3487 ok=1
Cmd: preprocess
  insize=34918 outsize=624 ok=1
Cmd: preprocessCompute
  insize=1896 outsize=1898 ok=1
Cmd: preprocessCompute
  insize=7073 outsize=7075 ok=1
Cmd: preprocessCompute
  insize=7332 outsize=7334 ok=1
Cmd: preprocess
  insize=39618 outsize=611 ok=1
Cmd: preprocessCompute
  insize=4204 outsize=4206 ok=1
Cmd: preprocessCompute
  insize=3485 outsize=3487 ok=1
Cmd: preprocess
  insize=34918 outsize=624 ok=1
Cmd: preprocessCompute
  insize=1896 outsize=1898 ok=1
Cmd: preprocessCompute
  insize=7073 outsize=7075 ok=1
Cmd: preprocessCompute
  insize=7332 outsize=7334 ok=1
Cmd: preprocess
  insize=39618 outsize=611 ok=1
Cmd: preprocessCompute
  insize=4204 outsize=4206 ok=1
Cmd: preprocessCompute
  insize=3453 outsize=3455 ok=1
Cmd: compileComputeKernel
  api=4 insize=3455 outsize=223 ok=1
Cmd: preprocess
  insize=34869 outsize=611 ok=1
Cmd: preprocessCompute
  insize=7073 outsize=7075 ok=1
Cmd: preprocessCompute
  insize=7332 outsize=7334 ok=1
Cmd: preprocess
  insize=39618 outsize=611 ok=1
Cmd: preprocessCompute
  insize=5206 outsize=5208 ok=1
Cmd: compileComputeKernel
  api=4 insize=5208 outsize=1768 ok=1
Cmd: preprocessCompute
  insize=4876 outsize=4878 ok=1
Cmd: compileComputeKernel
  api=4 insize=4878 outsize=1154 ok=1
Cmd: preprocess
  insize=35025 outsize=611 ok=1
Cmd: preprocessCompute
  insize=7073 outsize=7075 ok=1
Cmd: preprocessCompute
  insize=7332 outsize=7334 ok=1
Cmd: preprocess
  insize=39618 outsize=611 ok=1
Cmd: preprocessCompute
  insize=5685 outsize=5687 ok=1
Cmd: compileComputeKernel
  api=4 insize=5687 outsize=2010 ok=1
Cmd: preprocessCompute
  insize=4880 outsize=4882 ok=1
Cmd: compileComputeKernel
  api=4 insize=4882 outsize=1154 ok=1
Cmd: preprocess
  insize=35181 outsize=611 ok=1
Cmd: preprocessCompute
  insize=7073 outsize=7075 ok=1
Cmd: preprocessCompute
  insize=7332 outsize=7334 ok=1
Cmd: preprocess
  insize=39618 outsize=611 ok=1
Cmd: preprocessCompute
  insize=7495 outsize=7497 ok=1
Cmd: compileComputeKernel
  api=4 insize=7497 outsize=2708 ok=1
Cmd: preprocessCompute
  insize=7521 outsize=7523 ok=1
Cmd: compileComputeKernel
  api=4 insize=7523 outsize=1698 ok=1
Cmd: preprocess
  insize=35773 outsize=612 ok=1
Cmd: preprocessCompute
  insize=7073 outsize=7075 ok=1
Cmd: preprocessCompute
  insize=7332 outsize=7334 ok=1
Cmd: preprocess
  insize=39618 outsize=611 ok=1
Cmd: preprocessCompute
  insize=5685 outsize=5687 ok=1
Cmd: preprocessCompute
  insize=4880 outsize=4882 ok=1
Cmd: preprocess
  insize=35181 outsize=611 ok=1
Cmd: preprocessCompute
  insize=7073 outsize=7075 ok=1
Cmd: preprocessCompute
  insize=7332 outsize=7334 ok=1
Cmd: preprocess
  insize=39618 outsize=611 ok=1
Cmd: preprocessCompute
  insize=6440 outsize=6442 ok=1
Cmd: compileComputeKernel
  api=4 insize=6442 outsize=2568 ok=1
Cmd: preprocessCompute
  insize=5786 outsize=5788 ok=1
Cmd: compileComputeKernel
  api=4 insize=5788 outsize=1406 ok=1
Cmd: preprocess
  insize=35443 outsize=612 ok=1
Cmd: preprocessCompute
  insize=7073 outsize=7075 ok=1
Cmd: preprocessCompute
  insize=7332 outsize=7334 ok=1
Cmd: preprocess
  insize=39618 outsize=611 ok=1
Cmd: preprocessCompute
  insize=6440 outsize=6442 ok=1
Cmd: preprocessCompute
  insize=5786 outsize=5788 ok=1
Cmd: preprocess
  insize=35443 outsize=612 ok=1
Cmd: preprocessCompute
  insize=7073 outsize=7075 ok=1
Cmd: preprocessCompute
  insize=7332 outsize=7334 ok=1
Cmd: preprocess
  insize=39618 outsize=611 ok=1
Cmd: preprocessCompute
  insize=6440 outsize=6442 ok=1
Cmd: preprocessCompute
  insize=5786 outsize=5788 ok=1
Cmd: preprocess
  insize=35443 outsize=612 ok=1
Cmd: preprocessCompute
  insize=7073 outsize=7075 ok=1
Cmd: preprocessCompute
  insize=7332 outsize=7334 ok=1
Cmd: preprocess
  insize=39618 outsize=611 ok=1
Cmd: preprocessCompute
  insize=6440 outsize=6442 ok=1
Cmd: preprocessCompute
  insize=5786 outsize=5788 ok=1
Cmd: preprocess
  insize=35443 outsize=612 ok=1
Cmd: preprocessCompute
  insize=7073 outsize=7075 ok=1
Cmd: preprocessCompute
  insize=7332 outsize=7334 ok=1
Cmd: preprocess
  insize=39618 outsize=611 ok=1
Cmd: preprocessCompute
  insize=6440 outsize=6442 ok=1
Cmd: preprocessCompute
  insize=5786 outsize=5788 ok=1
Cmd: preprocess
  insize=35443 outsize=612 ok=1
Cmd: preprocessCompute
  insize=7073 outsize=7075 ok=1
Cmd: preprocessCompute
  insize=7332 outsize=7334 ok=1
Cmd: preprocess
  insize=39618 outsize=611 ok=1
Cmd: preprocessCompute
  insize=6440 outsize=6442 ok=1
Cmd: preprocessCompute
  insize=5786 outsize=5788 ok=1
Cmd: preprocess
  insize=35443 outsize=612 ok=1
Cmd: preprocessCompute
  insize=7073 outsize=7075 ok=1
Cmd: preprocessCompute
  insize=7332 outsize=7334 ok=1
Cmd: preprocess
  insize=39618 outsize=611 ok=1
Cmd: preprocessCompute
  insize=6440 outsize=6442 ok=1
Cmd: preprocessCompute
  insize=5786 outsize=5788 ok=1
Cmd: preprocess
  insize=35443 outsize=612 ok=1
Cmd: preprocessCompute
  insize=7073 outsize=7075 ok=1
Cmd: preprocessCompute
  insize=7332 outsize=7334 ok=1
Cmd: preprocess
  insize=39618 outsize=611 ok=1
Cmd: preprocessCompute
  insize=6440 outsize=6442 ok=1
Cmd: preprocessCompute
  insize=5786 outsize=5788 ok=1
Cmd: preprocess
  insize=35443 outsize=612 ok=1
Cmd: preprocessCompute
  insize=7073 outsize=7075 ok=1
Cmd: preprocessCompute
  insize=7332 outsize=7334 ok=1
Cmd: preprocess
  insize=39618 outsize=611 ok=1
Cmd: preprocessCompute
  insize=6440 outsize=6442 ok=1
Cmd: preprocessCompute
  insize=5786 outsize=5788 ok=1
Cmd: preprocess
  insize=35443 outsize=612 ok=1
Cmd: preprocessCompute
  insize=7073 outsize=7075 ok=1
Cmd: preprocessCompute
  insize=7332 outsize=7334 ok=1
Cmd: preprocess
  insize=39618 outsize=611 ok=1
Cmd: preprocessCompute
  insize=6440 outsize=6442 ok=1
Cmd: preprocessCompute
  insize=5786 outsize=5788 ok=1
Cmd: preprocess
  insize=35443 outsize=612 ok=1
Cmd: preprocessCompute
  insize=7073 outsize=7075 ok=1
Cmd: preprocessCompute
  insize=7332 outsize=7334 ok=1
Cmd: preprocess
  insize=39618 outsize=611 ok=1
Cmd: preprocessCompute
  insize=6440 outsize=6442 ok=1
Cmd: preprocessCompute
  insize=5786 outsize=5788 ok=1
Cmd: preprocess
  insize=35443 outsize=612 ok=1
Cmd: preprocessCompute
  insize=7073 outsize=7075 ok=1
Cmd: preprocessCompute
  insize=7332 outsize=7334 ok=1
Cmd: preprocess
  insize=39618 outsize=611 ok=1
Cmd: preprocessCompute
  insize=6440 outsize=6442 ok=1
Cmd: preprocessCompute
  insize=5786 outsize=5788 ok=1
Cmd: preprocess
  insize=35443 outsize=612 ok=1
Cmd: preprocessCompute
  insize=7073 outsize=7075 ok=1
Cmd: preprocessCompute
  insize=7332 outsize=7334 ok=1
Cmd: preprocess
  insize=39618 outsize=611 ok=1
Cmd: preprocessCompute
  insize=6440 outsize=6442 ok=1
Cmd: preprocessCompute
  insize=5786 outsize=5788 ok=1
Cmd: preprocess
  insize=35443 outsize=612 ok=1
Cmd: preprocessCompute
  insize=7073 outsize=7075 ok=1
Cmd: preprocessCompute
  insize=7332 outsize=7334 ok=1
Cmd: preprocess
  insize=39618 outsize=611 ok=1
Cmd: preprocessCompute
  insize=6440 outsize=6442 ok=1
Cmd: preprocessCompute
  insize=5786 outsize=5788 ok=1
Cmd: preprocess
  insize=35443 outsize=612 ok=1
Cmd: preprocessCompute
  insize=7073 outsize=7075 ok=1
Cmd: preprocessCompute
  insize=7332 outsize=7334 ok=1
Cmd: preprocess
  insize=39618 outsize=611 ok=1
Cmd: preprocessCompute
  insize=6440 outsize=6442 ok=1
Cmd: preprocessCompute
  insize=5786 outsize=5788 ok=1
Cmd: preprocess
  insize=35443 outsize=612 ok=1
Cmd: preprocessCompute
  insize=7073 outsize=7075 ok=1
Cmd: preprocessCompute
  insize=7332 outsize=7334 ok=1
Cmd: preprocess
  insize=39618 outsize=611 ok=1
Cmd: preprocessCompute
  insize=6440 outsize=6442 ok=1
Cmd: preprocessCompute
  insize=5786 outsize=5788 ok=1
Cmd: preprocess
  insize=35443 outsize=612 ok=1
Cmd: preprocessCompute
  insize=7073 outsize=7075 ok=1
Cmd: preprocessCompute
  insize=7332 outsize=7334 ok=1
Cmd: preprocess
  insize=39618 outsize=611 ok=1
Cmd: preprocessCompute
  insize=6440 outsize=6442 ok=1
Cmd: preprocessCompute
  insize=5786 outsize=5788 ok=1
Cmd: preprocess
  insize=35443 outsize=612 ok=1
Cmd: preprocessCompute
  insize=7073 outsize=7075 ok=1
Cmd: preprocessCompute
  insize=7332 outsize=7334 ok=1
Cmd: preprocess
  insize=39618 outsize=611 ok=1
Cmd: preprocessCompute
  insize=6440 outsize=6442 ok=1
Cmd: preprocessCompute
  insize=5786 outsize=5788 ok=1
Cmd: preprocess
  insize=35443 outsize=612 ok=1
Cmd: preprocessCompute
  insize=7073 outsize=7075 ok=1
Cmd: preprocessCompute
  insize=7332 outsize=7334 ok=1
Cmd: preprocess
  insize=39618 outsize=611 ok=1
Cmd: preprocessCompute
  insize=6440 outsize=6442 ok=1
Cmd: preprocessCompute
  insize=5786 outsize=5788 ok=1
Cmd: preprocess
  insize=35443 outsize=612 ok=1
Cmd: preprocessCompute
  insize=7073 outsize=7075 ok=1
Cmd: preprocessCompute
  insize=7332 outsize=7334 ok=1
Cmd: preprocess
  insize=39618 outsize=611 ok=1
Cmd: preprocessCompute
  insize=6440 outsize=6442 ok=1
Cmd: preprocessCompute
  insize=5786 outsize=5788 ok=1
Cmd: preprocess
  insize=35443 outsize=612 ok=1
Cmd: preprocessCompute
  insize=7073 outsize=7075 ok=1
Cmd: preprocessCompute
  insize=7332 outsize=7334 ok=1
Cmd: preprocess
  insize=39618 outsize=611 ok=1
Cmd: preprocessCompute
  insize=6440 outsize=6442 ok=1
Cmd: preprocessCompute
  insize=5786 outsize=5788 ok=1
Cmd: preprocess
  insize=35443 outsize=612 ok=1
Cmd: preprocessCompute
  insize=7073 outsize=7075 ok=1
Cmd: preprocessCompute
  insize=7332 outsize=7334 ok=1
Cmd: preprocess
  insize=39618 outsize=611 ok=1
Cmd: preprocessCompute
  insize=6441 outsize=6443 ok=1
Cmd: compileComputeKernel
  api=4 insize=6443 outsize=2540 ok=1
Cmd: preprocessCompute
  insize=5790 outsize=5792 ok=1
Cmd: compileComputeKernel
  api=4 insize=5792 outsize=1402 ok=1
Cmd: preprocess
  insize=37423 outsize=610 ok=1
Cmd: preprocessCompute
  insize=7073 outsize=7075 ok=1
Cmd: preprocessCompute
  insize=7332 outsize=7334 ok=1
Cmd: preprocess
  insize=39618 outsize=611 ok=1
Cmd: preprocessCompute
  insize=6441 outsize=6443 ok=1
Cmd: preprocessCompute
  insize=5790 outsize=5792 ok=1
Cmd: preprocess
  insize=37423 outsize=610 ok=1
Cmd: preprocessCompute
  insize=7073 outsize=7075 ok=1
Cmd: preprocessCompute
  insize=7332 outsize=7334 ok=1
Cmd: preprocess
  insize=39618 outsize=611 ok=1
Cmd: preprocessCompute
  insize=6441 outsize=6443 ok=1
Cmd: preprocessCompute
  insize=5790 outsize=5792 ok=1
Cmd: preprocess
  insize=37423 outsize=610 ok=1
Cmd: preprocessCompute
  insize=7073 outsize=7075 ok=1
Cmd: preprocessCompute
  insize=7332 outsize=7334 ok=1
Cmd: preprocess
  insize=39618 outsize=611 ok=1
Cmd: preprocessCompute
  insize=7457 outsize=7459 ok=1
Cmd: compileComputeKernel
  api=4 insize=7459 outsize=3146 ok=1
Cmd: preprocessCompute
  insize=5790 outsize=5792 ok=1
Cmd: compileComputeKernel
  api=4 insize=5792 outsize=1402 ok=1
Cmd: preprocess
  insize=37999 outsize=611 ok=1
Cmd: preprocessCompute
  insize=7073 outsize=7075 ok=1
Cmd: preprocessCompute
  insize=7332 outsize=7334 ok=1
Cmd: preprocess
  insize=39618 outsize=611 ok=1
Cmd: preprocessCompute
  insize=6931 outsize=6933 ok=1
Cmd: compileComputeKernel
  api=4 insize=6933 outsize=2826 ok=1
Cmd: preprocessCompute
  insize=5790 outsize=5792 ok=1
Cmd: compileComputeKernel
  api=4 insize=5792 outsize=1402 ok=1
Cmd: preprocess
  insize=37615 outsize=611 ok=1
Cmd: preprocessCompute
  insize=7073 outsize=7075 ok=1
Cmd: preprocessCompute
  insize=7332 outsize=7334 ok=1
Cmd: preprocess
  insize=39618 outsize=611 ok=1
Cmd: preprocessCompute
  insize=6931 outsize=6933 ok=1
Cmd: preprocessCompute
  insize=5790 outsize=5792 ok=1
Cmd: preprocess
  insize=37615 outsize=611 ok=1
Cmd: preprocessCompute
  insize=7073 outsize=7075 ok=1
Cmd: preprocessCompute
  insize=7332 outsize=7334 ok=1
Cmd: preprocess
  insize=39618 outsize=611 ok=1
Cmd: preprocessCompute
  insize=6931 outsize=6933 ok=1
Cmd: preprocessCompute
  insize=5790 outsize=5792 ok=1
Cmd: preprocess
  insize=37615 outsize=611 ok=1
Cmd: preprocessCompute
  insize=7073 outsize=7075 ok=1
Cmd: preprocessCompute
  insize=7332 outsize=7334 ok=1
Cmd: preprocess
  insize=39618 outsize=611 ok=1
Cmd: preprocessCompute
  insize=6931 outsize=6933 ok=1
Cmd: preprocessCompute
  insize=5790 outsize=5792 ok=1
Cmd: preprocess
  insize=37615 outsize=611 ok=1
Cmd: preprocessCompute
  insize=7073 outsize=7075 ok=1
Cmd: preprocessCompute
  insize=7332 outsize=7334 ok=1
Cmd: preprocess
  insize=39618 outsize=611 ok=1
Cmd: preprocessCompute
  insize=6931 outsize=6933 ok=1
Cmd: preprocessCompute
  insize=5790 outsize=5792 ok=1
Cmd: preprocess
  insize=37615 outsize=611 ok=1
Cmd: preprocessCompute
  insize=7073 outsize=7075 ok=1
Cmd: preprocessCompute
  insize=7332 outsize=7334 ok=1
Cmd: preprocess
  insize=39618 outsize=611 ok=1
Cmd: preprocessCompute
  insize=6931 outsize=6933 ok=1
Cmd: preprocessCompute
  insize=5790 outsize=5792 ok=1
Cmd: preprocess
  insize=37615 outsize=611 ok=1
Cmd: preprocessCompute
  insize=7073 outsize=7075 ok=1
Cmd: preprocessCompute
  insize=7332 outsize=7334 ok=1
Cmd: preprocess
  insize=39618 outsize=611 ok=1
Cmd: preprocessCompute
  insize=6931 outsize=6933 ok=1
Cmd: preprocessCompute
  insize=5790 outsize=5792 ok=1
Cmd: preprocess
  insize=37615 outsize=611 ok=1
Cmd: preprocessCompute
  insize=7073 outsize=7075 ok=1
Cmd: preprocessCompute
  insize=7332 outsize=7334 ok=1
Cmd: preprocess
  insize=39618 outsize=611 ok=1
Cmd: preprocessCompute
  insize=6931 outsize=6933 ok=1
Cmd: preprocessCompute
  insize=5790 outsize=5792 ok=1
Cmd: preprocess
  insize=37615 outsize=611 ok=1
Cmd: preprocessCompute
  insize=7073 outsize=7075 ok=1
Cmd: preprocessCompute
  insize=7332 outsize=7334 ok=1
Cmd: preprocess
  insize=39618 outsize=611 ok=1
Cmd: preprocessCompute
  insize=6931 outsize=6933 ok=1
Cmd: preprocessCompute
  insize=5790 outsize=5792 ok=1
Cmd: preprocess
  insize=37615 outsize=611 ok=1
Cmd: preprocessCompute
  insize=7073 outsize=7075 ok=1
Cmd: preprocessCompute
  insize=7332 outsize=7334 ok=1
Cmd: preprocess
  insize=39618 outsize=611 ok=1
Cmd: preprocessCompute
  insize=6931 outsize=6933 ok=1
Cmd: preprocessCompute
  insize=5790 outsize=5792 ok=1
Cmd: preprocess
  insize=37615 outsize=611 ok=1
Cmd: preprocessCompute
  insize=7073 outsize=7075 ok=1
Cmd: preprocessCompute
  insize=7332 outsize=7334 ok=1
Cmd: preprocess
  insize=39618 outsize=611 ok=1
Cmd: preprocessCompute
  insize=6931 outsize=6933 ok=1
Cmd: preprocessCompute
  insize=5790 outsize=5792 ok=1
Cmd: preprocess
  insize=37615 outsize=611 ok=1
Cmd: preprocessCompute
  insize=7073 outsize=7075 ok=1
Cmd: preprocessCompute
  insize=7332 outsize=7334 ok=1
Cmd: preprocess
  insize=39618 outsize=611 ok=1
Cmd: preprocessCompute
  insize=6931 outsize=6933 ok=1
Cmd: preprocessCompute
  insize=5790 outsize=5792 ok=1
Cmd: preprocess
  insize=37615 outsize=611 ok=1
Cmd: preprocessCompute
  insize=7073 outsize=7075 ok=1
Cmd: preprocessCompute
  insize=7332 outsize=7334 ok=1
Cmd: preprocess
  insize=39618 outsize=611 ok=1
Cmd: preprocessCompute
  insize=6931 outsize=6933 ok=1
Cmd: preprocessCompute
  insize=5790 outsize=5792 ok=1
Cmd: preprocess
  insize=37615 outsize=611 ok=1
Cmd: preprocessCompute
  insize=7073 outsize=7075 ok=1
Cmd: preprocessCompute
  insize=7332 outsize=7334 ok=1
Cmd: preprocess
  insize=39618 outsize=611 ok=1
Cmd: preprocessCompute
  insize=6931 outsize=6933 ok=1
Cmd: preprocessCompute
  insize=5790 outsize=5792 ok=1
Cmd: preprocess
  insize=37615 outsize=611 ok=1
Cmd: preprocessCompute
  insize=7073 outsize=7075 ok=1
Cmd: preprocessCompute
  insize=7332 outsize=7334 ok=1
Cmd: preprocess
  insize=39618 outsize=611 ok=1
Cmd: preprocessCompute
  insize=6931 outsize=6933 ok=1
Cmd: preprocessCompute
  insize=5790 outsize=5792 ok=1
Cmd: preprocess
  insize=37615 outsize=611 ok=1
Cmd: preprocessCompute
  insize=7073 outsize=7075 ok=1
Cmd: preprocessCompute
  insize=7332 outsize=7334 ok=1
Cmd: preprocess
  insize=39618 outsize=611 ok=1
Cmd: preprocessCompute
  insize=6931 outsize=6933 ok=1
Cmd: preprocessCompute
  insize=5790 outsize=5792 ok=1
Cmd: preprocess
  insize=37615 outsize=611 ok=1
Cmd: preprocessCompute
  insize=7073 outsize=7075 ok=1
Cmd: preprocessCompute
  insize=7332 outsize=7334 ok=1
Cmd: preprocess
  insize=39618 outsize=611 ok=1
Cmd: preprocessCompute
  insize=6931 outsize=6933 ok=1
Cmd: preprocessCompute
  insize=5790 outsize=5792 ok=1
Cmd: preprocess
  insize=37615 outsize=611 ok=1
Cmd: preprocessCompute
  insize=7073 outsize=7075 ok=1
Cmd: preprocessCompute
  insize=7332 outsize=7334 ok=1
Cmd: preprocess
  insize=39618 outsize=611 ok=1
Cmd: preprocessCompute
  insize=6931 outsize=6933 ok=1
Cmd: preprocessCompute
  insize=5790 outsize=5792 ok=1
Cmd: preprocess
  insize=37615 outsize=611 ok=1
Cmd: preprocessCompute
  insize=7073 outsize=7075 ok=1
Cmd: preprocessCompute
  insize=7332 outsize=7334 ok=1
Cmd: preprocess
  insize=39618 outsize=611 ok=1
Cmd: preprocessCompute
  insize=6931 outsize=6933 ok=1
Cmd: preprocessCompute
  insize=5790 outsize=5792 ok=1
Cmd: preprocess
  insize=37615 outsize=611 ok=1
Cmd: preprocessCompute
  insize=7073 outsize=7075 ok=1
Cmd: preprocessCompute
  insize=7332 outsize=7334 ok=1
Cmd: preprocess
  insize=39618 outsize=611 ok=1
Cmd: preprocessCompute
  insize=6931 outsize=6933 ok=1
Cmd: preprocessCompute
  insize=5790 outsize=5792 ok=1
Cmd: preprocess
  insize=37615 outsize=611 ok=1
Cmd: preprocessCompute
  insize=7073 outsize=7075 ok=1
Cmd: preprocessCompute
  insize=7332 outsize=7334 ok=1
Cmd: preprocess
  insize=39618 outsize=611 ok=1
Cmd: preprocessCompute
  insize=6931 outsize=6933 ok=1
Cmd: preprocessCompute
  insize=5790 outsize=5792 ok=1
Cmd: preprocess
  insize=37615 outsize=611 ok=1
Cmd: preprocessCompute
  insize=7073 outsize=7075 ok=1
Cmd: preprocessCompute
  insize=7332 outsize=7334 ok=1
Cmd: preprocess
  insize=39618 outsize=611 ok=1
Cmd: preprocessCompute
  insize=6931 outsize=6933 ok=1
Cmd: preprocessCompute
  insize=5790 outsize=5792 ok=1
Cmd: preprocess
  insize=37615 outsize=611 ok=1
Cmd: preprocessCompute
  insize=7073 outsize=7075 ok=1
Cmd: preprocessCompute
  insize=7332 outsize=7334 ok=1
Cmd: preprocess
  insize=39618 outsize=611 ok=1
Cmd: preprocessCompute
  insize=6931 outsize=6933 ok=1
Cmd: preprocessCompute
  insize=5790 outsize=5792 ok=1
Cmd: preprocess
  insize=37615 outsize=611 ok=1
Cmd: preprocessCompute
  insize=7073 outsize=7075 ok=1
Cmd: preprocessCompute
  insize=7332 outsize=7334 ok=1
Cmd: preprocess
  insize=39618 outsize=611 ok=1
Cmd: preprocessCompute
  insize=6931 outsize=6933 ok=1
Cmd: preprocessCompute
  insize=5790 outsize=5792 ok=1
Cmd: preprocess
  insize=37615 outsize=611 ok=1
Cmd: preprocessCompute
  insize=7073 outsize=7075 ok=1
Cmd: preprocessCompute
  insize=7332 outsize=7334 ok=1
Cmd: preprocess
  insize=39618 outsize=611 ok=1
Cmd: preprocessCompute
  insize=6931 outsize=6933 ok=1
Cmd: preprocessCompute
  insize=5790 outsize=5792 ok=1
Cmd: preprocess
  insize=37615 outsize=611 ok=1
Cmd: preprocessCompute
  insize=7073 outsize=7075 ok=1
Cmd: preprocessCompute
  insize=7332 outsize=7334 ok=1
Cmd: preprocess
  insize=39618 outsize=611 ok=1
Cmd: preprocessCompute
  insize=6931 outsize=6933 ok=1
Cmd: preprocessCompute
  insize=5790 outsize=5792 ok=1
Cmd: preprocess
  insize=37615 outsize=611 ok=1
Cmd: preprocessCompute
  insize=7073 outsize=7075 ok=1
Cmd: preprocessCompute
  insize=7332 outsize=7334 ok=1
Cmd: preprocess
  insize=39618 outsize=611 ok=1
Cmd: preprocessCompute
  insize=6931 outsize=6933 ok=1
Cmd: preprocessCompute
  insize=5790 outsize=5792 ok=1
Cmd: preprocess
  insize=37615 outsize=611 ok=1
Cmd: preprocessCompute
  insize=7073 outsize=7075 ok=1
Cmd: preprocessCompute
  insize=7332 outsize=7334 ok=1
Cmd: preprocess
  insize=39618 outsize=611 ok=1
Cmd: preprocessCompute
  insize=6931 outsize=6933 ok=1
Cmd: preprocessCompute
  insize=5790 outsize=5792 ok=1
Cmd: preprocess
  insize=37615 outsize=611 ok=1
Cmd: preprocessCompute
  insize=7073 outsize=7075 ok=1
Cmd: preprocessCompute
  insize=7332 outsize=7334 ok=1
Cmd: preprocess
  insize=39618 outsize=611 ok=1
Cmd: preprocessCompute
  insize=6931 outsize=6933 ok=1
Cmd: preprocessCompute
  insize=5790 outsize=5792 ok=1
Cmd: preprocess
  insize=37615 outsize=611 ok=1
Cmd: preprocessCompute
  insize=7073 outsize=7075 ok=1
Cmd: preprocessCompute
  insize=7332 outsize=7334 ok=1
Cmd: preprocess
  insize=39618 outsize=611 ok=1
Cmd: preprocessCompute
  insize=6931 outsize=6933 ok=1
Cmd: preprocessCompute
  insize=5790 outsize=5792 ok=1
Cmd: preprocess
  insize=37615 outsize=611 ok=1
Cmd: preprocessCompute
  insize=7073 outsize=7075 ok=1
Cmd: preprocessCompute
  insize=7332 outsize=7334 ok=1
Cmd: preprocess
  insize=39618 outsize=611 ok=1
Cmd: preprocessCompute
  insize=6931 outsize=6933 ok=1
Cmd: preprocessCompute
  insize=5790 outsize=5792 ok=1
Cmd: preprocess
  insize=37615 outsize=611 ok=1
Cmd: preprocessCompute
  insize=7073 outsize=7075 ok=1
Cmd: preprocessCompute
  insize=7332 outsize=7334 ok=1
Cmd: preprocess
  insize=39618 outsize=611 ok=1
Cmd: preprocessCompute
  insize=6931 outsize=6933 ok=1
Cmd: preprocessCompute
  insize=5790 outsize=5792 ok=1
Cmd: preprocess
  insize=37615 outsize=611 ok=1
Cmd: preprocessCompute
  insize=7073 outsize=7075 ok=1
Cmd: preprocessCompute
  insize=7332 outsize=7334 ok=1
Cmd: preprocess
  insize=39618 outsize=611 ok=1
Cmd: preprocessCompute
  insize=6931 outsize=6933 ok=1
Cmd: preprocessCompute
  insize=5790 outsize=5792 ok=1
Cmd: preprocess
  insize=37615 outsize=611 ok=1
Cmd: preprocessCompute
  insize=7073 outsize=7075 ok=1
Cmd: preprocessCompute
  insize=7332 outsize=7334 ok=1
Cmd: preprocess
  insize=39618 outsize=611 ok=1
Cmd: preprocessCompute
  insize=6931 outsize=6933 ok=1
Cmd: preprocessCompute
  insize=5790 outsize=5792 ok=1
Cmd: preprocess
  insize=37615 outsize=611 ok=1
Cmd: preprocessCompute
  insize=7073 outsize=7075 ok=1
Cmd: preprocessCompute
  insize=7332 outsize=7334 ok=1
Cmd: preprocess
  insize=39618 outsize=611 ok=1
Cmd: preprocessCompute
  insize=6931 outsize=6933 ok=1
Cmd: preprocessCompute
  insize=5790 outsize=5792 ok=1
Cmd: preprocess
  insize=37615 outsize=611 ok=1
Cmd: preprocessCompute
  insize=7073 outsize=7075 ok=1
Cmd: preprocessCompute
  insize=7332 outsize=7334 ok=1
Cmd: preprocess
  insize=39618 outsize=611 ok=1
Cmd: preprocessCompute
  insize=6931 outsize=6933 ok=1
Cmd: preprocessCompute
  insize=5790 outsize=5792 ok=1
Cmd: preprocess
  insize=37615 outsize=611 ok=1
Cmd: preprocessCompute
  insize=7073 outsize=7075 ok=1
Cmd: preprocessCompute
  insize=7332 outsize=7334 ok=1
Cmd: preprocess
  insize=39618 outsize=611 ok=1
Cmd: preprocessCompute
  insize=6931 outsize=6933 ok=1
Cmd: preprocessCompute
  insize=5790 outsize=5792 ok=1
Cmd: preprocess
  insize=37615 outsize=611 ok=1
Cmd: preprocessCompute
  insize=7073 outsize=7075 ok=1
Cmd: preprocessCompute
  insize=7332 outsize=7334 ok=1
Cmd: preprocess
  insize=39618 outsize=611 ok=1
Cmd: preprocessCompute
  insize=6931 outsize=6933 ok=1
Cmd: preprocessCompute
  insize=5790 outsize=5792 ok=1
Cmd: preprocess
  insize=37615 outsize=611 ok=1
Cmd: preprocessCompute
  insize=7073 outsize=7075 ok=1
Cmd: preprocessCompute
  insize=7332 outsize=7334 ok=1
Cmd: preprocess
  insize=39618 outsize=611 ok=1
Cmd: preprocessCompute
  insize=6931 outsize=6933 ok=1
Cmd: preprocessCompute
  insize=5790 outsize=5792 ok=1
Cmd: preprocess
  insize=37615 outsize=611 ok=1
Cmd: preprocessCompute
  insize=7073 outsize=7075 ok=1
Cmd: preprocessCompute
  insize=7332 outsize=7334 ok=1
Cmd: preprocess
  insize=39618 outsize=611 ok=1
Cmd: preprocessCompute
  insize=6931 outsize=6933 ok=1
Cmd: preprocessCompute
  insize=5790 outsize=5792 ok=1
Cmd: preprocess
  insize=37615 outsize=611 ok=1
Cmd: preprocessCompute
  insize=7073 outsize=7075 ok=1
Cmd: preprocessCompute
  insize=7332 outsize=7334 ok=1
Cmd: preprocess
  insize=39618 outsize=611 ok=1
Cmd: preprocessCompute
  insize=6931 outsize=6933 ok=1
Cmd: preprocessCompute
  insize=5790 outsize=5792 ok=1
Cmd: preprocess
  insize=37615 outsize=611 ok=1
Cmd: preprocessCompute
  insize=7073 outsize=7075 ok=1
Cmd: preprocessCompute
  insize=7332 outsize=7334 ok=1
Cmd: preprocess
  insize=39618 outsize=611 ok=1
Cmd: preprocessCompute
  insize=6931 outsize=6933 ok=1
Cmd: preprocessCompute
  insize=5790 outsize=5792 ok=1
Cmd: preprocess
  insize=37615 outsize=611 ok=1
Cmd: preprocessCompute
  insize=7073 outsize=7075 ok=1
Cmd: preprocessCompute
  insize=7332 outsize=7334 ok=1
Cmd: preprocess
  insize=39618 outsize=611 ok=1
Cmd: preprocessCompute
  insize=7129 outsize=7131 ok=1
Cmd: compileComputeKernel
  api=4 insize=7131 outsize=2866 ok=1
Cmd: preprocessCompute
  insize=6931 outsize=6933 ok=1
Cmd: compileComputeKernel
  api=4 insize=6933 outsize=1572 ok=1
Cmd: preprocess
  insize=37615 outsize=612 ok=1
Cmd: preprocessCompute
  insize=7073 outsize=7075 ok=1
Cmd: preprocessCompute
  insize=7332 outsize=7334 ok=1
Cmd: preprocess
  insize=39618 outsize=611 ok=1
Cmd: preprocessCompute
  insize=7129 outsize=7131 ok=1
Cmd: preprocessCompute
  insize=6984 outsize=6986 ok=1
Cmd: compileComputeKernel
  api=4 insize=6986 outsize=1572 ok=1
Cmd: preprocess
  insize=37615 outsize=612 ok=1
Cmd: preprocessCompute
  insize=7073 outsize=7075 ok=1
Cmd: preprocessCompute
  insize=7332 outsize=7334 ok=1
Cmd: preprocess
  insize=39618 outsize=611 ok=1
Cmd: preprocessCompute
  insize=7129 outsize=7131 ok=1
Cmd: preprocessCompute
  insize=7332 outsize=7334 ok=1
Cmd: compileComputeKernel
  api=4 insize=7334 outsize=1994 ok=1
Cmd: preprocess
  insize=37615 outsize=612 ok=1
Cmd: preprocessCompute
  insize=4204 outsize=4206 ok=1
Cmd: preprocessCompute
  insize=3485 outsize=3487 ok=1
Cmd: preprocess
  insize=34918 outsize=624 ok=1
Cmd: preprocessCompute
  insize=1896 outsize=1898 ok=1
Cmd: preprocessCompute
  insize=7073 outsize=7075 ok=1
Cmd: preprocessCompute
  insize=7332 outsize=7334 ok=1
Cmd: preprocess
  insize=39618 outsize=611 ok=1
Cmd: preprocessCompute
  insize=7129 outsize=7131 ok=1
Cmd: preprocessCompute
  insize=7332 outsize=7334 ok=1
Cmd: preprocess
  insize=37615 outsize=612 ok=1
Cmd: preprocessCompute
  insize=4204 outsize=4206 ok=1
Cmd: preprocessCompute
  insize=3485 outsize=3487 ok=1
Cmd: preprocess
  insize=34918 outsize=624 ok=1
Cmd: preprocessCompute
  insize=1896 outsize=1898 ok=1
Cmd: preprocessCompute
  insize=7073 outsize=7075 ok=1
Cmd: preprocessCompute
  insize=7332 outsize=7334 ok=1
Cmd: preprocess
  insize=39618 outsize=611 ok=1
Cmd: preprocessCompute
  insize=7129 outsize=7131 ok=1
Cmd: preprocessCompute
  insize=7332 outsize=7334 ok=1
Cmd: preprocess
  insize=37615 outsize=612 ok=1
Cmd: preprocessCompute
  insize=4204 outsize=4206 ok=1
Cmd: preprocessCompute
  insize=3485 outsize=3487 ok=1
Cmd: preprocess
  insize=34918 outsize=624 ok=1
Cmd: preprocessCompute
  insize=1896 outsize=1898 ok=1
Cmd: preprocessCompute
  insize=7073 outsize=7075 ok=1
Cmd: preprocessCompute
  insize=7332 outsize=7334 ok=1
Cmd: preprocess
  insize=39618 outsize=611 ok=1
Cmd: preprocessCompute
  insize=7129 outsize=7131 ok=1
Cmd: preprocessCompute
  insize=7332 outsize=7334 ok=1
Cmd: preprocess
  insize=37615 outsize=612 ok=1
Cmd: preprocessCompute
  insize=4204 outsize=4206 ok=1
Cmd: preprocessCompute
  insize=3453 outsize=3455 ok=1
Cmd: preprocess
  insize=34869 outsize=611 ok=1
Cmd: preprocessCompute
  insize=7073 outsize=7075 ok=1
Cmd: preprocessCompute
  insize=7332 outsize=7334 ok=1
Cmd: preprocess
  insize=39618 outsize=611 ok=1
Cmd: preprocessCompute
  insize=7129 outsize=7131 ok=1
Cmd: preprocessCompute
  insize=7332 outsize=7334 ok=1
Cmd: preprocess
  insize=37615 outsize=612 ok=1
Cmd: preprocessCompute
  insize=5206 outsize=5208 ok=1
Cmd: preprocessCompute
  insize=4876 outsize=4878 ok=1
Cmd: preprocess
  insize=35025 outsize=611 ok=1
Cmd: preprocessCompute
  insize=7073 outsize=7075 ok=1
Cmd: preprocessCompute
  insize=7332 outsize=7334 ok=1
Cmd: preprocess
  insize=39618 outsize=611 ok=1
Cmd: preprocessCompute
  insize=7129 outsize=7131 ok=1
Cmd: preprocessCompute
  insize=7332 outsize=7334 ok=1
Cmd: preprocess
  insize=37615 outsize=612 ok=1
Cmd: preprocessCompute
  insize=5685 outsize=5687 ok=1
Cmd: preprocessCompute
  insize=4880 outsize=4882 ok=1
Cmd: preprocess
  insize=35181 outsize=611 ok=1
Cmd: preprocessCompute
  insize=7073 outsize=7075 ok=1
Cmd: preprocessCompute
  insize=7332 outsize=7334 ok=1
Cmd: preprocess
  insize=39618 outsize=611 ok=1
Cmd: preprocessCompute
  insize=7129 outsize=7131 ok=1
Cmd: preprocessCompute
  insize=7332 outsize=7334 ok=1
Cmd: preprocess
  insize=37615 outsize=612 ok=1
Cmd: preprocessCompute
  insize=6764 outsize=6766 ok=1
Cmd: compileComputeKernel
  api=4 insize=6766 outsize=3986 ok=1
Cmd: preprocessCompute
  insize=5786 outsize=5788 ok=1
Cmd: preprocess
  insize=35443 outsize=612 ok=1
Cmd: preprocessCompute
  insize=7073 outsize=7075 ok=1
Cmd: preprocessCompute
  insize=7332 outsize=7334 ok=1
Cmd: preprocess
  insize=39618 outsize=611 ok=1
Cmd: preprocessCompute
  insize=7129 outsize=7131 ok=1
Cmd: preprocessCompute
  insize=7332 outsize=7334 ok=1
Cmd: preprocess
  insize=37615 outsize=612 ok=1
Cmd: preprocessCompute
  insize=5685 outsize=5687 ok=1
Cmd: preprocessCompute
  insize=4880 outsize=4882 ok=1
Cmd: preprocess
  insize=35181 outsize=611 ok=1
Cmd: preprocessCompute
  insize=7073 outsize=7075 ok=1
Cmd: preprocessCompute
  insize=7332 outsize=7334 ok=1
Cmd: preprocess
  insize=39618 outsize=611 ok=1
Cmd: preprocessCompute
  insize=7129 outsize=7131 ok=1
Cmd: preprocessCompute
  insize=7332 outsize=7334 ok=1
Cmd: preprocess
  insize=37615 outsize=612 ok=1
Cmd: preprocessCompute
  insize=7495 outsize=7497 ok=1
Cmd: preprocessCompute
  insize=7521 outsize=7523 ok=1
Cmd: preprocess
  insize=35773 outsize=612 ok=1
Cmd: preprocessCompute
  insize=7073 outsize=7075 ok=1
Cmd: preprocessCompute
  insize=7332 outsize=7334 ok=1
Cmd: preprocess
  insize=39618 outsize=611 ok=1
Cmd: preprocessCompute
  insize=7129 outsize=7131 ok=1
Cmd: preprocessCompute
  insize=7332 outsize=7334 ok=1
Cmd: preprocess
  insize=37615 outsize=612 ok=1
Cmd: preprocessCompute
  insize=5685 outsize=5687 ok=1
Cmd: preprocessCompute
  insize=4880 outsize=4882 ok=1
Cmd: preprocess
  insize=35181 outsize=611 ok=1
Cmd: preprocessCompute
  insize=7073 outsize=7075 ok=1
Cmd: preprocessCompute
  insize=7332 outsize=7334 ok=1
Cmd: preprocess
  insize=39618 outsize=611 ok=1
Cmd: preprocessCompute
  insize=7129 outsize=7131 ok=1
Cmd: preprocessCompute
  insize=7332 outsize=7334 ok=1
Cmd: preprocess
  insize=37615 outsize=612 ok=1
Cmd: preprocessCompute
  insize=7878 outsize=7880 ok=1
Cmd: compileComputeKernel
  api=4 insize=7880 outsize=4051 ok=1
Cmd: preprocessCompute
  insize=7521 outsize=7523 ok=1
Cmd: preprocess
  insize=35773 outsize=612 ok=1
Cmd: preprocessCompute
  insize=7073 outsize=7075 ok=1
Cmd: preprocessCompute
  insize=7332 outsize=7334 ok=1
Cmd: preprocess
  insize=39618 outsize=611 ok=1
Cmd: preprocessCompute
  insize=7129 outsize=7131 ok=1
Cmd: preprocessCompute
  insize=7332 outsize=7334 ok=1
Cmd: preprocess
  insize=37615 outsize=612 ok=1
Cmd: preprocessCompute
  insize=5685 outsize=5687 ok=1
Cmd: preprocessCompute
  insize=4880 outsize=4882 ok=1
Cmd: preprocess
  insize=35181 outsize=611 ok=1
Cmd: preprocessCompute
  insize=7073 outsize=7075 ok=1
Cmd: preprocessCompute
  insize=7332 outsize=7334 ok=1
Cmd: preprocess
  insize=39618 outsize=611 ok=1
Cmd: preprocessCompute
  insize=7129 outsize=7131 ok=1
Cmd: preprocessCompute
  insize=7332 outsize=7334 ok=1
Cmd: preprocess
  insize=37615 outsize=612 ok=1
Cmd: preprocessCompute
  insize=6435 outsize=6437 ok=1
Cmd: compileComputeKernel
  api=4 insize=6437 outsize=2568 ok=1
Cmd: preprocessCompute
  insize=5786 outsize=5788 ok=1
Cmd: preprocess
  insize=35443 outsize=612 ok=1
Cmd: preprocessCompute
  insize=7073 outsize=7075 ok=1
Cmd: preprocessCompute
  insize=7332 outsize=7334 ok=1
Cmd: preprocess
  insize=39618 outsize=611 ok=1
Cmd: preprocessCompute
  insize=7129 outsize=7131 ok=1
Cmd: preprocessCompute
  insize=7332 outsize=7334 ok=1
Cmd: preprocess
  insize=37615 outsize=612 ok=1
Cmd: preprocessCompute
  insize=7451 outsize=7453 ok=1
Cmd: compileComputeKernel
  api=4 insize=7453 outsize=3146 ok=1
Cmd: preprocessCompute
  insize=5786 outsize=5788 ok=1
Cmd: compileComputeKernel
  api=4 insize=5788 outsize=1406 ok=1
Cmd: preprocess
  insize=36031 outsize=611 ok=1
Cmd: preprocessCompute
  insize=7073 outsize=7075 ok=1
Cmd: preprocessCompute
  insize=7332 outsize=7334 ok=1
Cmd: preprocess
  insize=39618 outsize=611 ok=1
Cmd: preprocessCompute
  insize=7129 outsize=7131 ok=1
Cmd: preprocessCompute
  insize=7332 outsize=7334 ok=1
Cmd: preprocess
  insize=37615 outsize=612 ok=1
Cmd: preprocessCompute
  insize=6921 outsize=6923 ok=1
Cmd: compileComputeKernel
  api=4 insize=6923 outsize=2826 ok=1
Cmd: preprocessCompute
  insize=5786 outsize=5788 ok=1
Cmd: compileComputeKernel
  api=4 insize=5788 outsize=1406 ok=1
Cmd: preprocess
  insize=35639 outsize=612 ok=1
Cmd: preprocessCompute
  insize=7073 outsize=7075 ok=1
Cmd: preprocessCompute
  insize=7332 outsize=7334 ok=1
Cmd: preprocess
  insize=39618 outsize=611 ok=1
Cmd: preprocessCompute
  insize=7129 outsize=7131 ok=1
Cmd: preprocessCompute
  insize=7332 outsize=7334 ok=1
Cmd: preprocess
  insize=37615 outsize=612 ok=1
Cmd: preprocessCompute
  insize=6921 outsize=6923 ok=1
Cmd: compileComputeKernel
  api=4 insize=6923 outsize=2826 ok=1
Cmd: preprocessCompute
  insize=5790 outsize=5792 ok=1
Cmd: preprocess
  insize=37615 outsize=611 ok=1
Cmd: preprocessCompute
  insize=7073 outsize=7075 ok=1
Cmd: preprocessCompute
  insize=7332 outsize=7334 ok=1
Cmd: preprocess
  insize=39618 outsize=611 ok=1
Cmd: preprocessCompute
  insize=7129 outsize=7131 ok=1
Cmd: preprocessCompute
  insize=7332 outsize=7334 ok=1
Cmd: preprocess
  insize=37615 outsize=612 ok=1
Cmd: preprocessCompute
  insize=6921 outsize=6923 ok=1
Cmd: preprocessCompute
  insize=5790 outsize=5792 ok=1
Cmd: preprocess
  insize=37615 outsize=611 ok=1
Cmd: preprocessCompute
  insize=7073 outsize=7075 ok=1
Cmd: preprocessCompute
  insize=7332 outsize=7334 ok=1
Cmd: preprocess
  insize=39618 outsize=611 ok=1
Cmd: preprocessCompute
  insize=7129 outsize=7131 ok=1
Cmd: preprocessCompute
  insize=7332 outsize=7334 ok=1
Cmd: preprocess
  insize=37615 outsize=612 ok=1
Cmd: preprocessCompute
  insize=6921 outsize=6923 ok=1
Cmd: preprocessCompute
  insize=5790 outsize=5792 ok=1
Cmd: preprocess
  insize=37615 outsize=611 ok=1
Cmd: preprocessCompute
  insize=7073 outsize=7075 ok=1
Cmd: preprocessCompute
  insize=7332 outsize=7334 ok=1
Cmd: preprocess
  insize=39618 outsize=611 ok=1
Cmd: preprocessCompute
  insize=7129 outsize=7131 ok=1
Cmd: preprocessCompute
  insize=7332 outsize=7334 ok=1
Cmd: preprocess
  insize=37615 outsize=612 ok=1
Cmd: preprocessCompute
  insize=6921 outsize=6923 ok=1
Cmd: preprocessCompute
  insize=5790 outsize=5792 ok=1
Cmd: preprocess
  insize=37615 outsize=611 ok=1
Cmd: preprocessCompute
  insize=7073 outsize=7075 ok=1
Cmd: preprocessCompute
  insize=7332 outsize=7334 ok=1
Cmd: preprocess
  insize=39618 outsize=611 ok=1
Cmd: preprocessCompute
  insize=7129 outsize=7131 ok=1
Cmd: preprocessCompute
  insize=7332 outsize=7334 ok=1
Cmd: preprocess
  insize=37615 outsize=612 ok=1
Cmd: preprocessCompute
  insize=6921 outsize=6923 ok=1
Cmd: preprocessCompute
  insize=5790 outsize=5792 ok=1
Cmd: preprocess
  insize=37615 outsize=611 ok=1
Cmd: preprocessCompute
  insize=7073 outsize=7075 ok=1
Cmd: preprocessCompute
  insize=7332 outsize=7334 ok=1
Cmd: preprocess
  insize=39618 outsize=611 ok=1
Cmd: preprocessCompute
  insize=7129 outsize=7131 ok=1
Cmd: preprocessCompute
  insize=7332 outsize=7334 ok=1
Cmd: preprocess
  insize=37615 outsize=612 ok=1
Cmd: preprocessCompute
  insize=6921 outsize=6923 ok=1
Cmd: preprocessCompute
  insize=5790 outsize=5792 ok=1
Cmd: preprocess
  insize=37615 outsize=611 ok=1
Cmd: preprocessCompute
  insize=7073 outsize=7075 ok=1
Cmd: preprocessCompute
  insize=7332 outsize=7334 ok=1
Cmd: preprocess
  insize=39618 outsize=611 ok=1
Cmd: preprocessCompute
  insize=7129 outsize=7131 ok=1
Cmd: preprocessCompute
  insize=7332 outsize=7334 ok=1
Cmd: preprocess
  insize=37615 outsize=612 ok=1
Cmd: preprocessCompute
  insize=6921 outsize=6923 ok=1
Cmd: preprocessCompute
  insize=5790 outsize=5792 ok=1
Cmd: preprocess
  insize=37615 outsize=611 ok=1
Cmd: preprocessCompute
  insize=7073 outsize=7075 ok=1
Cmd: preprocessCompute
  insize=7332 outsize=7334 ok=1
Cmd: preprocess
  insize=39618 outsize=611 ok=1
Cmd: preprocessCompute
  insize=7129 outsize=7131 ok=1
Cmd: preprocessCompute
  insize=7332 outsize=7334 ok=1
Cmd: preprocess
  insize=37615 outsize=612 ok=1
Cmd: preprocessCompute
  insize=6921 outsize=6923 ok=1
Cmd: preprocessCompute
  insize=5790 outsize=5792 ok=1
Cmd: preprocess
  insize=37615 outsize=611 ok=1
Cmd: preprocessCompute
  insize=7073 outsize=7075 ok=1
Cmd: preprocessCompute
  insize=7332 outsize=7334 ok=1
Cmd: preprocess
  insize=39618 outsize=611 ok=1
Cmd: preprocessCompute
  insize=7129 outsize=7131 ok=1
Cmd: preprocessCompute
  insize=7332 outsize=7334 ok=1
Cmd: preprocess
  insize=37615 outsize=612 ok=1
Cmd: preprocessCompute
  insize=6921 outsize=6923 ok=1
Cmd: preprocessCompute
  insize=5790 outsize=5792 ok=1
Cmd: preprocess
  insize=37615 outsize=611 ok=1
Cmd: preprocessCompute
  insize=7073 outsize=7075 ok=1
Cmd: preprocessCompute
  insize=7332 outsize=7334 ok=1
Cmd: preprocess
  insize=39618 outsize=611 ok=1
Cmd: preprocessCompute
  insize=7129 outsize=7131 ok=1
Cmd: preprocessCompute
  insize=7332 outsize=7334 ok=1
Cmd: preprocess
  insize=37615 outsize=612 ok=1
Cmd: preprocessCompute
  insize=6921 outsize=6923 ok=1
Cmd: preprocessCompute
  insize=5790 outsize=5792 ok=1
Cmd: preprocess
  insize=37615 outsize=611 ok=1
Cmd: preprocessCompute
  insize=7073 outsize=7075 ok=1
Cmd: preprocessCompute
  insize=7332 outsize=7334 ok=1
Cmd: preprocess
  insize=39618 outsize=611 ok=1
Cmd: preprocessCompute
  insize=7129 outsize=7131 ok=1
Cmd: preprocessCompute
  insize=7332 outsize=7334 ok=1
Cmd: preprocess
  insize=37615 outsize=612 ok=1
Cmd: preprocessCompute
  insize=6921 outsize=6923 ok=1
Cmd: preprocessCompute
  insize=5790 outsize=5792 ok=1
Cmd: preprocess
  insize=37615 outsize=611 ok=1
Cmd: preprocessCompute
  insize=7073 outsize=7075 ok=1
Cmd: preprocessCompute
  insize=7332 outsize=7334 ok=1
Cmd: preprocess
  insize=39618 outsize=611 ok=1
Cmd: preprocessCompute
  insize=7129 outsize=7131 ok=1
Cmd: preprocessCompute
  insize=7332 outsize=7334 ok=1
Cmd: preprocess
  insize=37615 outsize=612 ok=1
Cmd: preprocessCompute
  insize=6921 outsize=6923 ok=1
Cmd: preprocessCompute
  insize=5790 outsize=5792 ok=1
Cmd: preprocess
  insize=37615 outsize=611 ok=1
Cmd: preprocessCompute
  insize=7073 outsize=7075 ok=1
Cmd: preprocessCompute
  insize=7332 outsize=7334 ok=1
Cmd: preprocess
  insize=39618 outsize=611 ok=1
Cmd: preprocessCompute
  insize=7129 outsize=7131 ok=1
Cmd: preprocessCompute
  insize=7332 outsize=7334 ok=1
Cmd: preprocess
  insize=37615 outsize=612 ok=1
Cmd: preprocessCompute
  insize=6921 outsize=6923 ok=1
Cmd: preprocessCompute
  insize=5790 outsize=5792 ok=1
Cmd: preprocess
  insize=37615 outsize=611 ok=1
Cmd: preprocessCompute
  insize=7073 outsize=7075 ok=1
Cmd: preprocessCompute
  insize=7332 outsize=7334 ok=1
Cmd: preprocess
  insize=39618 outsize=611 ok=1
Cmd: preprocessCompute
  insize=7129 outsize=7131 ok=1
Cmd: preprocessCompute
  insize=7332 outsize=7334 ok=1
Cmd: preprocess
  insize=37615 outsize=612 ok=1
Cmd: preprocessCompute
  insize=6921 outsize=6923 ok=1
Cmd: preprocessCompute
  insize=5790 outsize=5792 ok=1
Cmd: preprocess
  insize=37615 outsize=611 ok=1
Cmd: preprocessCompute
  insize=7073 outsize=7075 ok=1
Cmd: preprocessCompute
  insize=7332 outsize=7334 ok=1
Cmd: preprocess
  insize=39618 outsize=611 ok=1
Cmd: preprocessCompute
  insize=7129 outsize=7131 ok=1
Cmd: preprocessCompute
  insize=7332 outsize=7334 ok=1
Cmd: preprocess
  insize=37615 outsize=612 ok=1
Cmd: preprocessCompute
  insize=6921 outsize=6923 ok=1
Cmd: preprocessCompute
  insize=5790 outsize=5792 ok=1
Cmd: preprocess
  insize=37615 outsize=611 ok=1
Cmd: preprocessCompute
  insize=7073 outsize=7075 ok=1
Cmd: preprocessCompute
  insize=7332 outsize=7334 ok=1
Cmd: preprocess
  insize=39618 outsize=611 ok=1
Cmd: preprocessCompute
  insize=7129 outsize=7131 ok=1
Cmd: preprocessCompute
  insize=7332 outsize=7334 ok=1
Cmd: preprocess
  insize=37615 outsize=612 ok=1
Cmd: preprocessCompute
  insize=6921 outsize=6923 ok=1
Cmd: preprocessCompute
  insize=5790 outsize=5792 ok=1
Cmd: preprocess
  insize=37615 outsize=611 ok=1
Cmd: preprocessCompute
  insize=7073 outsize=7075 ok=1
Cmd: preprocessCompute
  insize=7332 outsize=7334 ok=1
Cmd: preprocess
  insize=39618 outsize=611 ok=1
Cmd: preprocessCompute
  insize=7129 outsize=7131 ok=1
Cmd: preprocessCompute
  insize=7332 outsize=7334 ok=1
Cmd: preprocess
  insize=37615 outsize=612 ok=1
Cmd: preprocessCompute
  insize=6921 outsize=6923 ok=1
Cmd: preprocessCompute
  insize=5790 outsize=5792 ok=1
Cmd: preprocess
  insize=37615 outsize=611 ok=1
Cmd: preprocessCompute
  insize=7073 outsize=7075 ok=1
Cmd: preprocessCompute
  insize=7332 outsize=7334 ok=1
Cmd: preprocess
  insize=39618 outsize=611 ok=1
Cmd: preprocessCompute
  insize=7129 outsize=7131 ok=1
Cmd: preprocessCompute
  insize=7332 outsize=7334 ok=1
Cmd: preprocess
  insize=37615 outsize=612 ok=1
Cmd: preprocessCompute
  insize=6921 outsize=6923 ok=1
Cmd: preprocessCompute
  insize=5790 outsize=5792 ok=1
Cmd: preprocess
  insize=37615 outsize=611 ok=1
Cmd: preprocessCompute
  insize=7073 outsize=7075 ok=1
Cmd: preprocessCompute
  insize=7332 outsize=7334 ok=1
Cmd: preprocess
  insize=39618 outsize=611 ok=1
Cmd: preprocessCompute
  insize=7129 outsize=7131 ok=1
Cmd: preprocessCompute
  insize=7332 outsize=7334 ok=1
Cmd: preprocess
  insize=37615 outsize=612 ok=1
Cmd: preprocessCompute
  insize=6921 outsize=6923 ok=1
Cmd: preprocessCompute
  insize=5790 outsize=5792 ok=1
Cmd: preprocess
  insize=37615 outsize=611 ok=1
Cmd: preprocessCompute
  insize=7073 outsize=7075 ok=1
Cmd: preprocessCompute
  insize=7332 outsize=7334 ok=1
Cmd: preprocess
  insize=39618 outsize=611 ok=1
Cmd: preprocessCompute
  insize=7129 outsize=7131 ok=1
Cmd: preprocessCompute
  insize=7332 outsize=7334 ok=1
Cmd: preprocess
  insize=37615 outsize=612 ok=1
Cmd: preprocessCompute
  insize=6921 outsize=6923 ok=1
Cmd: preprocessCompute
  insize=5790 outsize=5792 ok=1
Cmd: preprocess
  insize=37615 outsize=611 ok=1
Cmd: preprocessCompute
  insize=7073 outsize=7075 ok=1
Cmd: preprocessCompute
  insize=7332 outsize=7334 ok=1
Cmd: preprocess
  insize=39618 outsize=611 ok=1
Cmd: preprocessCompute
  insize=7129 outsize=7131 ok=1
Cmd: preprocessCompute
  insize=7332 outsize=7334 ok=1
Cmd: preprocess
  insize=37615 outsize=612 ok=1
Cmd: preprocessCompute
  insize=6921 outsize=6923 ok=1
Cmd: preprocessCompute
  insize=5790 outsize=5792 ok=1
Cmd: preprocess
  insize=37615 outsize=611 ok=1
Cmd: preprocessCompute
  insize=7073 outsize=7075 ok=1
Cmd: preprocessCompute
  insize=7332 outsize=7334 ok=1
Cmd: preprocess
  insize=39618 outsize=611 ok=1
Cmd: preprocessCompute
  insize=7129 outsize=7131 ok=1
Cmd: preprocessCompute
  insize=7332 outsize=7334 ok=1
Cmd: preprocess
  insize=37615 outsize=612 ok=1
Cmd: preprocessCompute
  insize=6921 outsize=6923 ok=1
Cmd: preprocessCompute
  insize=5790 outsize=5792 ok=1
Cmd: preprocess
  insize=37615 outsize=611 ok=1
Cmd: preprocessCompute
  insize=7073 outsize=7075 ok=1
Cmd: preprocessCompute
  insize=7332 outsize=7334 ok=1
Cmd: preprocess
  insize=39618 outsize=611 ok=1
Cmd: preprocessCompute
  insize=7129 outsize=7131 ok=1
Cmd: preprocessCompute
  insize=7332 outsize=7334 ok=1
Cmd: preprocess
  insize=37615 outsize=612 ok=1
Cmd: preprocessCompute
  insize=6921 outsize=6923 ok=1
Cmd: preprocessCompute
  insize=5790 outsize=5792 ok=1
Cmd: preprocess
  insize=37615 outsize=611 ok=1
Cmd: preprocessCompute
  insize=7073 outsize=7075 ok=1
Cmd: preprocessCompute
  insize=7332 outsize=7334 ok=1
Cmd: preprocess
  insize=39618 outsize=611 ok=1
Cmd: preprocessCompute
  insize=7129 outsize=7131 ok=1
Cmd: preprocessCompute
  insize=7332 outsize=7334 ok=1
Cmd: preprocess
  insize=37615 outsize=612 ok=1
Cmd: preprocessCompute
  insize=6921 outsize=6923 ok=1
Cmd: preprocessCompute
  insize=5790 outsize=5792 ok=1
Cmd: preprocess
  insize=37615 outsize=611 ok=1
Cmd: preprocessCompute
  insize=7073 outsize=7075 ok=1
Cmd: preprocessCompute
  insize=7332 outsize=7334 ok=1
Cmd: preprocess
  insize=39618 outsize=611 ok=1
Cmd: preprocessCompute
  insize=7129 outsize=7131 ok=1
Cmd: preprocessCompute
  insize=7332 outsize=7334 ok=1
Cmd: preprocess
  insize=37615 outsize=612 ok=1
Cmd: preprocessCompute
  insize=6921 outsize=6923 ok=1
Cmd: preprocessCompute
  insize=5790 outsize=5792 ok=1
Cmd: preprocess
  insize=37615 outsize=611 ok=1
Cmd: preprocessCompute
  insize=7073 outsize=7075 ok=1
Cmd: preprocessCompute
  insize=7332 outsize=7334 ok=1
Cmd: preprocess
  insize=39618 outsize=611 ok=1
Cmd: preprocessCompute
  insize=7129 outsize=7131 ok=1
Cmd: preprocessCompute
  insize=7332 outsize=7334 ok=1
Cmd: preprocess
  insize=37615 outsize=612 ok=1
Cmd: preprocessCompute
  insize=6921 outsize=6923 ok=1
Cmd: preprocessCompute
  insize=5790 outsize=5792 ok=1
Cmd: preprocess
  insize=37615 outsize=611 ok=1
Cmd: preprocessCompute
  insize=7073 outsize=7075 ok=1
Cmd: preprocessCompute
  insize=7332 outsize=7334 ok=1
Cmd: preprocess
  insize=39618 outsize=611 ok=1
Cmd: preprocessCompute
  insize=7129 outsize=7131 ok=1
Cmd: preprocessCompute
  insize=7332 outsize=7334 ok=1
Cmd: preprocess
  insize=37615 outsize=612 ok=1
Cmd: preprocessCompute
  insize=6921 outsize=6923 ok=1
Cmd: preprocessCompute
  insize=5790 outsize=5792 ok=1
Cmd: preprocess
  insize=37615 outsize=611 ok=1
Cmd: preprocessCompute
  insize=7073 outsize=7075 ok=1
Cmd: preprocessCompute
  insize=7332 outsize=7334 ok=1
Cmd: preprocess
  insize=39618 outsize=611 ok=1
Cmd: preprocessCompute
  insize=7129 outsize=7131 ok=1
Cmd: preprocessCompute
  insize=7332 outsize=7334 ok=1
Cmd: preprocess
  insize=37615 outsize=612 ok=1
Cmd: preprocessCompute
  insize=6921 outsize=6923 ok=1
Cmd: preprocessCompute
  insize=5790 outsize=5792 ok=1
Cmd: preprocess
  insize=37615 outsize=611 ok=1
Cmd: preprocessCompute
  insize=7073 outsize=7075 ok=1
Cmd: preprocessCompute
  insize=7332 outsize=7334 ok=1
Cmd: preprocess
  insize=39618 outsize=611 ok=1
Cmd: preprocessCompute
  insize=7129 outsize=7131 ok=1
Cmd: preprocessCompute
  insize=7332 outsize=7334 ok=1
Cmd: preprocess
  insize=37615 outsize=612 ok=1
Cmd: preprocessCompute
  insize=6921 outsize=6923 ok=1
Cmd: preprocessCompute
  insize=5790 outsize=5792 ok=1
Cmd: preprocess
  insize=37615 outsize=611 ok=1
Cmd: preprocessCompute
  insize=7073 outsize=7075 ok=1
Cmd: preprocessCompute
  insize=7332 outsize=7334 ok=1
Cmd: preprocess
  insize=39618 outsize=611 ok=1
Cmd: preprocessCompute
  insize=7129 outsize=7131 ok=1
Cmd: preprocessCompute
  insize=7332 outsize=7334 ok=1
Cmd: preprocess
  insize=37615 outsize=612 ok=1
Cmd: preprocessCompute
  insize=6921 outsize=6923 ok=1
Cmd: preprocessCompute
  insize=5790 outsize=5792 ok=1
Cmd: preprocess
  insize=37615 outsize=611 ok=1
Cmd: preprocessCompute
  insize=7073 outsize=7075 ok=1
Cmd: preprocessCompute
  insize=7332 outsize=7334 ok=1
Cmd: preprocess
  insize=39618 outsize=611 ok=1
Cmd: preprocessCompute
  insize=7129 outsize=7131 ok=1
Cmd: preprocessCompute
  insize=7332 outsize=7334 ok=1
Cmd: preprocess
  insize=37615 outsize=612 ok=1
Cmd: preprocessCompute
  insize=6921 outsize=6923 ok=1
Cmd: preprocessCompute
  insize=5790 outsize=5792 ok=1
Cmd: preprocess
  insize=37615 outsize=611 ok=1
Cmd: preprocessCompute
  insize=7073 outsize=7075 ok=1
Cmd: preprocessCompute
  insize=7332 outsize=7334 ok=1
Cmd: preprocess
  insize=39618 outsize=611 ok=1
Cmd: preprocessCompute
  insize=7129 outsize=7131 ok=1
Cmd: preprocessCompute
  insize=7332 outsize=7334 ok=1
Cmd: preprocess
  insize=37615 outsize=612 ok=1
Cmd: preprocessCompute
  insize=6921 outsize=6923 ok=1
Cmd: preprocessCompute
  insize=5790 outsize=5792 ok=1
Cmd: preprocess
  insize=37615 outsize=611 ok=1
Cmd: preprocessCompute
  insize=7073 outsize=7075 ok=1
Cmd: preprocessCompute
  insize=7332 outsize=7334 ok=1
Cmd: preprocess
  insize=39618 outsize=611 ok=1
Cmd: preprocessCompute
  insize=7129 outsize=7131 ok=1
Cmd: preprocessCompute
  insize=7332 outsize=7334 ok=1
Cmd: preprocess
  insize=37615 outsize=612 ok=1
Cmd: preprocessCompute
  insize=6921 outsize=6923 ok=1
Cmd: preprocessCompute
  insize=5790 outsize=5792 ok=1
Cmd: preprocess
  insize=37615 outsize=611 ok=1
Cmd: preprocessCompute
  insize=7073 outsize=7075 ok=1
Cmd: preprocessCompute
  insize=7332 outsize=7334 ok=1
Cmd: preprocess
  insize=39618 outsize=611 ok=1
Cmd: preprocessCompute
  insize=7129 outsize=7131 ok=1
Cmd: preprocessCompute
  insize=7332 outsize=7334 ok=1
Cmd: preprocess
  insize=37615 outsize=612 ok=1
Cmd: preprocessCompute
  insize=6921 outsize=6923 ok=1
Cmd: preprocessCompute
  insize=5790 outsize=5792 ok=1
Cmd: preprocess
  insize=37615 outsize=611 ok=1
Cmd: preprocessCompute
  insize=7073 outsize=7075 ok=1
Cmd: preprocessCompute
  insize=7332 outsize=7334 ok=1
Cmd: preprocess
  insize=39618 outsize=611 ok=1
Cmd: preprocessCompute
  insize=7129 outsize=7131 ok=1
Cmd: preprocessCompute
  insize=7332 outsize=7334 ok=1
Cmd: preprocess
  insize=37615 outsize=612 ok=1
Cmd: preprocessCompute
  insize=6921 outsize=6923 ok=1
Cmd: preprocessCompute
  insize=5790 outsize=5792 ok=1
Cmd: preprocess
  insize=37615 outsize=611 ok=1
Cmd: preprocessCompute
  insize=7073 outsize=7075 ok=1
Cmd: preprocessCompute
  insize=7332 outsize=7334 ok=1
Cmd: preprocess
  insize=39618 outsize=611 ok=1
Cmd: preprocessCompute
  insize=7129 outsize=7131 ok=1
Cmd: preprocessCompute
  insize=7332 outsize=7334 ok=1
Cmd: preprocess
  insize=37615 outsize=612 ok=1
Cmd: preprocessCompute
  insize=6921 outsize=6923 ok=1
Cmd: preprocessCompute
  insize=5790 outsize=5792 ok=1
Cmd: preprocess
  insize=37615 outsize=611 ok=1
Cmd: preprocessCompute
  insize=7073 outsize=7075 ok=1
Cmd: preprocessCompute
  insize=7332 outsize=7334 ok=1
Cmd: preprocess
  insize=39618 outsize=611 ok=1
Cmd: preprocessCompute
  insize=7129 outsize=7131 ok=1
Cmd: preprocessCompute
  insize=7332 outsize=7334 ok=1
Cmd: preprocess
  insize=37615 outsize=612 ok=1
Cmd: preprocessCompute
  insize=6921 outsize=6923 ok=1
Cmd: preprocessCompute
  insize=5790 outsize=5792 ok=1
Cmd: preprocess
  insize=37615 outsize=611 ok=1
Cmd: preprocessCompute
  insize=7073 outsize=7075 ok=1
Cmd: preprocessCompute
  insize=7332 outsize=7334 ok=1
Cmd: preprocess
  insize=39618 outsize=611 ok=1
Cmd: preprocessCompute
  insize=7129 outsize=7131 ok=1
Cmd: preprocessCompute
  insize=7332 outsize=7334 ok=1
Cmd: preprocess
  insize=37615 outsize=612 ok=1
Cmd: preprocessCompute
  insize=6921 outsize=6923 ok=1
Cmd: preprocessCompute
  insize=5790 outsize=5792 ok=1
Cmd: preprocess
  insize=37615 outsize=611 ok=1
Cmd: preprocessCompute
  insize=7073 outsize=7075 ok=1
Cmd: preprocessCompute
  insize=7332 outsize=7334 ok=1
Cmd: preprocess
  insize=39618 outsize=611 ok=1
Cmd: preprocessCompute
  insize=7129 outsize=7131 ok=1
Cmd: preprocessCompute
  insize=7332 outsize=7334 ok=1
Cmd: preprocess
  insize=37615 outsize=612 ok=1
Cmd: preprocessCompute
  insize=6921 outsize=6923 ok=1
Cmd: preprocessCompute
  insize=5790 outsize=5792 ok=1
Cmd: preprocess
  insize=37615 outsize=611 ok=1
Cmd: preprocessCompute
  insize=7073 outsize=7075 ok=1
Cmd: preprocessCompute
  insize=7332 outsize=7334 ok=1
Cmd: preprocess
  insize=39618 outsize=611 ok=1
Cmd: preprocessCompute
  insize=7129 outsize=7131 ok=1
Cmd: preprocessCompute
  insize=7332 outsize=7334 ok=1
Cmd: preprocess
  insize=37615 outsize=612 ok=1
Cmd: preprocessCompute
  insize=6921 outsize=6923 ok=1
Cmd: preprocessCompute
  insize=5790 outsize=5792 ok=1
Cmd: preprocess
  insize=37615 outsize=611 ok=1
Cmd: preprocessCompute
  insize=7073 outsize=7075 ok=1
Cmd: preprocessCompute
  insize=7332 outsize=7334 ok=1
Cmd: preprocess
  insize=39618 outsize=611 ok=1
Cmd: preprocessCompute
  insize=7129 outsize=7131 ok=1
Cmd: preprocessCompute
  insize=7332 outsize=7334 ok=1
Cmd: preprocess
  insize=37615 outsize=612 ok=1
Cmd: preprocessCompute
  insize=6921 outsize=6923 ok=1
Cmd: preprocessCompute
  insize=5790 outsize=5792 ok=1
Cmd: preprocess
  insize=37615 outsize=611 ok=1
Cmd: preprocessCompute
  insize=7073 outsize=7075 ok=1
Cmd: preprocessCompute
  insize=7332 outsize=7334 ok=1
Cmd: preprocess
  insize=39618 outsize=611 ok=1
Cmd: preprocessCompute
  insize=7129 outsize=7131 ok=1
Cmd: preprocessCompute
  insize=7332 outsize=7334 ok=1
Cmd: preprocess
  insize=37615 outsize=612 ok=1
Cmd: preprocessCompute
  insize=6921 outsize=6923 ok=1
Cmd: preprocessCompute
  insize=5790 outsize=5792 ok=1
Cmd: preprocess
  insize=37615 outsize=611 ok=1
Cmd: preprocessCompute
  insize=7073 outsize=7075 ok=1
Cmd: preprocessCompute
  insize=7332 outsize=7334 ok=1
Cmd: preprocess
  insize=39618 outsize=611 ok=1
Cmd: preprocessCompute
  insize=7129 outsize=7131 ok=1
Cmd: preprocessCompute
  insize=7332 outsize=7334 ok=1
Cmd: preprocess
  insize=37615 outsize=612 ok=1
Cmd: preprocessCompute
  insize=6921 outsize=6923 ok=1
Cmd: preprocessCompute
  insize=5790 outsize=5792 ok=1
Cmd: preprocess
  insize=37615 outsize=611 ok=1
Cmd: preprocessCompute
  insize=7073 outsize=7075 ok=1
Cmd: preprocessCompute
  insize=7332 outsize=7334 ok=1
Cmd: preprocess
  insize=39618 outsize=611 ok=1
Cmd: preprocessCompute
  insize=7129 outsize=7131 ok=1
Cmd: preprocessCompute
  insize=7332 outsize=7334 ok=1
Cmd: preprocess
  insize=37615 outsize=612 ok=1
Cmd: preprocessCompute
  insize=6921 outsize=6923 ok=1
Cmd: preprocessCompute
  insize=5790 outsize=5792 ok=1
Cmd: preprocess
  insize=37615 outsize=611 ok=1
Cmd: preprocessCompute
  insize=7073 outsize=7075 ok=1
Cmd: preprocessCompute
  insize=7332 outsize=7334 ok=1
Cmd: preprocess
  insize=39618 outsize=611 ok=1
Cmd: preprocessCompute
  insize=7129 outsize=7131 ok=1
Cmd: preprocessCompute
  insize=7332 outsize=7334 ok=1
Cmd: preprocess
  insize=37615 outsize=612 ok=1
Cmd: preprocessCompute
  insize=6921 outsize=6923 ok=1
Cmd: preprocessCompute
  insize=5790 outsize=5792 ok=1
Cmd: preprocess
  insize=37615 outsize=611 ok=1
Cmd: preprocessCompute
  insize=7073 outsize=7075 ok=1
Cmd: preprocessCompute
  insize=7332 outsize=7334 ok=1
Cmd: preprocess
  insize=39618 outsize=611 ok=1
Cmd: preprocessCompute
  insize=7129 outsize=7131 ok=1
Cmd: preprocessCompute
  insize=7332 outsize=7334 ok=1
Cmd: preprocess
  insize=37615 outsize=612 ok=1
Cmd: preprocessCompute
  insize=6921 outsize=6923 ok=1
Cmd: preprocessCompute
  insize=5790 outsize=5792 ok=1
Cmd: preprocess
  insize=37615 outsize=611 ok=1
Cmd: preprocessCompute
  insize=7073 outsize=7075 ok=1
Cmd: preprocessCompute
  insize=7332 outsize=7334 ok=1
Cmd: preprocess
  insize=39618 outsize=611 ok=1
Cmd: preprocessCompute
  insize=7129 outsize=7131 ok=1
Cmd: preprocessCompute
  insize=7332 outsize=7334 ok=1
Cmd: preprocess
  insize=37615 outsize=612 ok=1
Cmd: preprocessCompute
  insize=6921 outsize=6923 ok=1
Cmd: preprocessCompute
  insize=5790 outsize=5792 ok=1
Cmd: preprocess
  insize=37615 outsize=611 ok=1
Cmd: preprocessCompute
  insize=7073 outsize=7075 ok=1
Cmd: preprocessCompute
  insize=7332 outsize=7334 ok=1
Cmd: preprocess
  insize=39618 outsize=611 ok=1
Cmd: preprocessCompute
  insize=7129 outsize=7131 ok=1
Cmd: preprocessCompute
  insize=7332 outsize=7334 ok=1
Cmd: preprocess
  insize=37615 outsize=612 ok=1
Cmd: preprocessCompute
  insize=6921 outsize=6923 ok=1
Cmd: preprocessCompute
  insize=5790 outsize=5792 ok=1
Cmd: preprocess
  insize=37615 outsize=611 ok=1
Cmd: preprocessCompute
  insize=7073 outsize=7075 ok=1
Cmd: preprocessCompute
  insize=7332 outsize=7334 ok=1
Cmd: preprocess
  insize=39618 outsize=611 ok=1
Cmd: preprocessCompute
  insize=7129 outsize=7131 ok=1
Cmd: preprocessCompute
  insize=7332 outsize=7334 ok=1
Cmd: preprocess
  insize=37615 outsize=612 ok=1
Cmd: preprocessCompute
  insize=6921 outsize=6923 ok=1
Cmd: preprocessCompute
  insize=5790 outsize=5792 ok=1
Cmd: preprocess
  insize=37615 outsize=611 ok=1
Cmd: preprocessCompute
  insize=7073 outsize=7075 ok=1
Cmd: preprocessCompute
  insize=7332 outsize=7334 ok=1
Cmd: preprocess
  insize=39618 outsize=611 ok=1
Cmd: preprocessCompute
  insize=7129 outsize=7131 ok=1
Cmd: preprocessCompute
  insize=7332 outsize=7334 ok=1
Cmd: preprocess
  insize=37615 outsize=612 ok=1
Cmd: preprocessCompute
  insize=6921 outsize=6923 ok=1
Cmd: preprocessCompute
  insize=5790 outsize=5792 ok=1
Cmd: preprocess
  insize=37615 outsize=611 ok=1
Cmd: preprocessCompute
  insize=7073 outsize=7075 ok=1
Cmd: preprocessCompute
  insize=7332 outsize=7334 ok=1
Cmd: preprocess
  insize=39618 outsize=611 ok=1
Cmd: preprocessCompute
  insize=7129 outsize=7131 ok=1
Cmd: preprocessCompute
  insize=7332 outsize=7334 ok=1
Cmd: preprocess
  insize=37615 outsize=612 ok=1
Cmd: preprocessCompute
  insize=6921 outsize=6923 ok=1
Cmd: preprocessCompute
  insize=5790 outsize=5792 ok=1
Cmd: preprocess
  insize=37615 outsize=611 ok=1
Cmd: preprocessCompute
  insize=7073 outsize=7075 ok=1
Cmd: preprocessCompute
  insize=7332 outsize=7334 ok=1
Cmd: preprocess
  insize=39618 outsize=611 ok=1
Cmd: preprocessCompute
  insize=7129 outsize=7131 ok=1
Cmd: preprocessCompute
  insize=7332 outsize=7334 ok=1
Cmd: preprocess
  insize=37615 outsize=612 ok=1
Cmd: preprocessCompute
  insize=6921 outsize=6923 ok=1
Cmd: preprocessCompute
  insize=5790 outsize=5792 ok=1
Cmd: preprocess
  insize=37615 outsize=611 ok=1
Cmd: preprocessCompute
  insize=7073 outsize=7075 ok=1
Cmd: preprocessCompute
  insize=7332 outsize=7334 ok=1
Cmd: preprocess
  insize=39618 outsize=611 ok=1
Cmd: preprocessCompute
  insize=7129 outsize=7131 ok=1
Cmd: preprocessCompute
  insize=7332 outsize=7334 ok=1
Cmd: preprocess
  insize=38797 outsize=611 ok=1
Cmd: preprocessCompute
  insize=6921 outsize=6923 ok=1
Cmd: preprocessCompute
  insize=5790 outsize=5792 ok=1
Cmd: preprocess
  insize=37615 outsize=611 ok=1
Cmd: preprocessCompute
  insize=7073 outsize=7075 ok=1
Cmd: preprocessCompute
  insize=7332 outsize=7334 ok=1
Cmd: preprocess
  insize=39618 outsize=611 ok=1
Cmd: preprocessCompute
  insize=7129 outsize=7131 ok=1
Cmd: preprocessCompute
  insize=7332 outsize=7334 ok=1
Cmd: preprocess
  insize=38797 outsize=611 ok=1
Cmd: preprocessCompute
  insize=6921 outsize=6923 ok=1
Cmd: preprocessCompute
  insize=5790 outsize=5792 ok=1
Cmd: preprocess
  insize=38797 outsize=611 ok=1
Cmd: preprocessCompute
  insize=7073 outsize=7075 ok=1
Cmd: preprocessCompute
  insize=7332 outsize=7334 ok=1
Cmd: preprocess
  insize=39618 outsize=611 ok=1
Cmd: preprocessCompute
  insize=7129 outsize=7131 ok=1
Cmd: preprocessCompute
  insize=7332 outsize=7334 ok=1
Cmd: preprocess
  insize=38797 outsize=611 ok=1
Cmd: preprocessCompute
  insize=6921 outsize=6923 ok=1
Cmd: preprocessCompute
  insize=5790 outsize=5792 ok=1
Cmd: preprocess
  insize=38797 outsize=611 ok=1
Cmd: preprocessCompute
  insize=7073 outsize=7075 ok=1
Cmd: preprocessCompute
  insize=7332 outsize=7334 ok=1
Cmd: preprocess
  insize=39618 outsize=611 ok=1
Cmd: preprocessCompute
  insize=7129 outsize=7131 ok=1
Cmd: preprocessCompute
  insize=7332 outsize=7334 ok=1
Cmd: preprocess
  insize=38797 outsize=611 ok=1
Cmd: preprocessCompute
  insize=6921 outsize=6923 ok=1
Cmd: preprocessCompute
  insize=5790 outsize=5792 ok=1
Cmd: preprocess
  insize=38797 outsize=611 ok=1
Cmd: preprocessCompute
  insize=7073 outsize=7075 ok=1
Cmd: preprocessCompute
  insize=7332 outsize=7334 ok=1
Cmd: preprocess
  insize=39618 outsize=611 ok=1
Cmd: preprocessCompute
  insize=7129 outsize=7131 ok=1
Cmd: preprocessCompute
  insize=7332 outsize=7334 ok=1
Cmd: preprocess
  insize=38797 outsize=611 ok=1
Cmd: preprocessCompute
  insize=6921 outsize=6923 ok=1
Cmd: preprocessCompute
  insize=5790 outsize=5792 ok=1
Cmd: preprocess
  insize=38797 outsize=611 ok=1
Cmd: preprocessCompute
  insize=7061 outsize=7063 ok=1
Cmd: compileComputeKernel
  api=4 insize=7063 outsize=2435 ok=1
Cmd: preprocessCompute
  insize=7332 outsize=7334 ok=1
Cmd: preprocess
  insize=39618 outsize=611 ok=1
Cmd: preprocessCompute
  insize=7159 outsize=7161 ok=1
Cmd: compileComputeKernel
  api=4 insize=7161 outsize=2808 ok=1
Cmd: preprocessCompute
  insize=7332 outsize=7334 ok=1
Cmd: preprocess
  insize=38797 outsize=611 ok=1
Cmd: preprocessCompute
  insize=6951 outsize=6953 ok=1
Cmd: compileComputeKernel
  api=4 insize=6953 outsize=2768 ok=1
Cmd: preprocessCompute
  insize=5790 outsize=5792 ok=1
Cmd: preprocess
  insize=38797 outsize=611 ok=1
Cmd: preprocessCompute
  insize=7061 outsize=7063 ok=1
Cmd: preprocessCompute
  insize=7332 outsize=7334 ok=1
Cmd: preprocess
  insize=39618 outsize=611 ok=1
Cmd: preprocessCompute
  insize=7159 outsize=7161 ok=1
Cmd: preprocessCompute
  insize=7332 outsize=7334 ok=1
Cmd: preprocess
  insize=38797 outsize=611 ok=1
Cmd: preprocessCompute
  insize=6951 outsize=6953 ok=1
Cmd: preprocessCompute
  insize=5790 outsize=5792 ok=1
Cmd: preprocess
  insize=38797 outsize=611 ok=1
