Base path: 'C:/Program Files/Unity/Hub/Editor/2019.4.10f1/Editor/Data', plugins path 'C:/Program Files/Unity/Hub/Editor/2019.4.10f1/Editor/Data/PlaybackEngines'
Cmd: initializeCompiler
Cmd: preprocessCompute
  insize=7061 outsize=7063 ok=1
Cmd: preprocessCompute
  insize=7332 outsize=7334 ok=1
Cmd: preprocess
  insize=39618 outsize=611 ok=1
Cmd: preprocessCompute
  insize=7159 outsize=7161 ok=1
Cmd: preprocessCompute
  insize=7332 outsize=7334 ok=1
Cmd: preprocess
  insize=38797 outsize=611 ok=1
Cmd: preprocessCompute
  insize=6951 outsize=6953 ok=1
Cmd: preprocessCompute
  insize=5790 outsize=5792 ok=1
Cmd: preprocess
  insize=38797 outsize=611 ok=1
Cmd: preprocess
  insize=68803 outsize=3372 ok=1
Cmd: preprocessCompute
  insize=7061 outsize=7063 ok=1
Cmd: preprocessCompute
  insize=7332 outsize=7334 ok=1
Cmd: preprocess
  insize=39618 outsize=611 ok=1
Cmd: preprocessCompute
  insize=7159 outsize=7161 ok=1
Cmd: preprocessCompute
  insize=7332 outsize=7334 ok=1
Cmd: preprocess
  insize=38797 outsize=611 ok=1
Cmd: preprocessCompute
  insize=6951 outsize=6953 ok=1
Cmd: preprocessCompute
  insize=5790 outsize=5792 ok=1
Cmd: preprocess
  insize=38797 outsize=611 ok=1
Cmd: preprocessCompute
  insize=7073 outsize=7075 ok=1
Cmd: preprocessCompute
  insize=7332 outsize=7334 ok=1
Cmd: preprocess
  insize=39618 outsize=611 ok=1
Cmd: preprocessCompute
  insize=7129 outsize=7131 ok=1
Cmd: preprocessCompute
  insize=7332 outsize=7334 ok=1
Cmd: preprocess
  insize=38797 outsize=611 ok=1
Cmd: preprocessCompute
  insize=6921 outsize=6923 ok=1
Cmd: preprocessCompute
  insize=5790 outsize=5792 ok=1
Cmd: preprocess
  insize=38797 outsize=611 ok=1
Cmd: preprocessCompute
  insize=7073 outsize=7075 ok=1
Cmd: preprocessCompute
  insize=7332 outsize=7334 ok=1
Cmd: preprocess
  insize=39618 outsize=611 ok=1
Cmd: preprocessCompute
  insize=7129 outsize=7131 ok=1
Cmd: preprocessCompute
  insize=7332 outsize=7334 ok=1
Cmd: preprocess
  insize=38797 outsize=611 ok=1
Cmd: preprocessCompute
  insize=6921 outsize=6923 ok=1
Cmd: preprocessCompute
  insize=5790 outsize=5792 ok=1
Cmd: preprocess
  insize=38797 outsize=611 ok=1
Cmd: preprocessCompute
  insize=7073 outsize=7075 ok=1
Cmd: preprocessCompute
  insize=7332 outsize=7334 ok=1
Cmd: preprocess
  insize=39618 outsize=611 ok=1
Cmd: preprocessCompute
  insize=7129 outsize=7131 ok=1
Cmd: preprocessCompute
  insize=7332 outsize=7334 ok=1
Cmd: preprocess
  insize=38797 outsize=611 ok=1
Cmd: preprocessCompute
  insize=6921 outsize=6923 ok=1
Cmd: preprocessCompute
  insize=5790 outsize=5792 ok=1
Cmd: preprocess
  insize=38797 outsize=611 ok=1
Cmd: preprocessCompute
  insize=7073 outsize=7075 ok=1
Cmd: preprocessCompute
  insize=7332 outsize=7334 ok=1
Cmd: preprocess
  insize=39618 outsize=611 ok=1
Cmd: preprocessCompute
  insize=7129 outsize=7131 ok=1
Cmd: preprocessCompute
  insize=7332 outsize=7334 ok=1
Cmd: preprocess
  insize=38797 outsize=611 ok=1
Cmd: preprocessCompute
  insize=6921 outsize=6923 ok=1
Cmd: preprocessCompute
  insize=5790 outsize=5792 ok=1
Cmd: preprocess
  insize=38797 outsize=611 ok=1
Cmd: preprocessCompute
  insize=7061 outsize=7063 ok=1
Cmd: preprocessCompute
  insize=7332 outsize=7334 ok=1
Cmd: preprocess
  insize=39618 outsize=611 ok=1
Cmd: preprocessCompute
  insize=7159 outsize=7161 ok=1
Cmd: preprocessCompute
  insize=7332 outsize=7334 ok=1
Cmd: preprocess
  insize=38797 outsize=611 ok=1
Cmd: preprocessCompute
  insize=6951 outsize=6953 ok=1
Cmd: preprocessCompute
  insize=5790 outsize=5792 ok=1
Cmd: preprocess
  insize=38797 outsize=611 ok=1
Cmd: preprocessCompute
  insize=7061 outsize=7063 ok=1
Cmd: preprocessCompute
  insize=7332 outsize=7334 ok=1
Cmd: preprocess
  insize=39618 outsize=611 ok=1
Cmd: preprocessCompute
  insize=7159 outsize=7161 ok=1
Cmd: preprocessCompute
  insize=7332 outsize=7334 ok=1
Cmd: preprocess
  insize=38797 outsize=611 ok=1
Cmd: preprocessCompute
  insize=6951 outsize=6953 ok=1
Cmd: preprocessCompute
  insize=5790 outsize=5792 ok=1
Cmd: preprocess
  insize=38797 outsize=611 ok=1
